  CCA.cpp
  main.cpp
E:\程序\CCA-Casio\C++\MTCSCCA\MTCSCCA\main.cpp(27,10): error C3646: “now”: 未知重写说明符
E:\程序\CCA-Casio\C++\MTCSCCA\MTCSCCA\main.cpp(27,13): error C4430: 缺少类型说明符 - 假定为 int。注意: C++ 不支持默认 int
E:\程序\CCA-Casio\C++\MTCSCCA\MTCSCCA\main.cpp(33,9): error C2039: "x": 不是 "cjd" 的成员
E:\程序\CCA-Casio\C++\MTCSCCA\MTCSCCA\main.cpp(26,8): message : 参见“cjd”的声明
E:\程序\CCA-Casio\C++\MTCSCCA\MTCSCCA\main.cpp(33,20): error C2039: "y": 不是 "cjd" 的成员
E:\程序\CCA-Casio\C++\MTCSCCA\MTCSCCA\main.cpp(26,8): message : 参见“cjd”的声明
E:\程序\CCA-Casio\C++\MTCSCCA\MTCSCCA\main.cpp(33,31): error C2039: "fh": 不是 "cjd" 的成员
E:\程序\CCA-Casio\C++\MTCSCCA\MTCSCCA\main.cpp(26,8): message : 参见“cjd”的声明
E:\程序\CCA-Casio\C++\MTCSCCA\MTCSCCA\main.cpp(34,9): error C2039: "choice_num1": 不是 "cjd" 的成员
E:\程序\CCA-Casio\C++\MTCSCCA\MTCSCCA\main.cpp(26,8): message : 参见“cjd”的声明
E:\程序\CCA-Casio\C++\MTCSCCA\MTCSCCA\main.cpp(34,27): error C2039: "choice_num2": 不是 "cjd" 的成员
E:\程序\CCA-Casio\C++\MTCSCCA\MTCSCCA\main.cpp(26,8): message : 参见“cjd”的声明
E:\程序\CCA-Casio\C++\MTCSCCA\MTCSCCA\main.cpp(34,45): error C2039: "choice_num3": 不是 "cjd" 的成员
E:\程序\CCA-Casio\C++\MTCSCCA\MTCSCCA\main.cpp(26,8): message : 参见“cjd”的声明
E:\程序\CCA-Casio\C++\MTCSCCA\MTCSCCA\main.cpp(36,30): error C2065: “siz”: 未声明的标识符
E:\程序\CCA-Casio\C++\MTCSCCA\MTCSCCA\main.cpp(37,34): error C2065: “siz”: 未声明的标识符
E:\程序\CCA-Casio\C++\MTCSCCA\MTCSCCA\main.cpp(38,21): error C3861: “able”: 找不到标识符
E:\程序\CCA-Casio\C++\MTCSCCA\MTCSCCA\main.cpp(39,25): error C3861: “able”: 找不到标识符
E:\程序\CCA-Casio\C++\MTCSCCA\MTCSCCA\main.cpp(39,48): error C2039: "choices_3": 不是 "cjd" 的成员
E:\程序\CCA-Casio\C++\MTCSCCA\MTCSCCA\main.cpp(26,8): message : 参见“cjd”的声明
E:\程序\CCA-Casio\C++\MTCSCCA\MTCSCCA\main.cpp(39,85): error C2039: "choice_num3": 不是 "cjd" 的成员
E:\程序\CCA-Casio\C++\MTCSCCA\MTCSCCA\main.cpp(26,8): message : 参见“cjd”的声明
E:\程序\CCA-Casio\C++\MTCSCCA\MTCSCCA\main.cpp(40,30): error C2039: "choices_1": 不是 "cjd" 的成员
E:\程序\CCA-Casio\C++\MTCSCCA\MTCSCCA\main.cpp(26,8): message : 参见“cjd”的声明
E:\程序\CCA-Casio\C++\MTCSCCA\MTCSCCA\main.cpp(40,67): error C2039: "choice_num1": 不是 "cjd" 的成员
E:\程序\CCA-Casio\C++\MTCSCCA\MTCSCCA\main.cpp(26,8): message : 参见“cjd”的声明
E:\程序\CCA-Casio\C++\MTCSCCA\MTCSCCA\main.cpp(42,26): error C3861: “able”: 找不到标识符
E:\程序\CCA-Casio\C++\MTCSCCA\MTCSCCA\main.cpp(42,49): error C2039: "choices_2": 不是 "cjd" 的成员
E:\程序\CCA-Casio\C++\MTCSCCA\MTCSCCA\main.cpp(26,8): message : 参见“cjd”的声明
E:\程序\CCA-Casio\C++\MTCSCCA\MTCSCCA\main.cpp(42,86): error C2039: "choice_num2": 不是 "cjd" 的成员
E:\程序\CCA-Casio\C++\MTCSCCA\MTCSCCA\main.cpp(26,8): message : 参见“cjd”的声明
E:\程序\CCA-Casio\C++\MTCSCCA\MTCSCCA\main.cpp(46,9): error C2065: “a”: 未声明的标识符
E:\程序\CCA-Casio\C++\MTCSCCA\MTCSCCA\main.cpp(47,9): error C3861: “xg”: 找不到标识符
E:\程序\CCA-Casio\C++\MTCSCCA\MTCSCCA\main.cpp(48,41): error C2039: "choice_num1": 不是 "cjd" 的成员
E:\程序\CCA-Casio\C++\MTCSCCA\MTCSCCA\main.cpp(26,8): message : 参见“cjd”的声明
E:\程序\CCA-Casio\C++\MTCSCCA\MTCSCCA\main.cpp(49,34): error C2039: "choices_1": 不是 "cjd" 的成员
E:\程序\CCA-Casio\C++\MTCSCCA\MTCSCCA\main.cpp(26,8): message : 参见“cjd”的声明
E:\程序\CCA-Casio\C++\MTCSCCA\MTCSCCA\main.cpp(49,65): error C2039: "choices_1": 不是 "cjd" 的成员
E:\程序\CCA-Casio\C++\MTCSCCA\MTCSCCA\main.cpp(26,8): message : 参见“cjd”的声明
E:\程序\CCA-Casio\C++\MTCSCCA\MTCSCCA\main.cpp(49,17): error C3861: “able”: 找不到标识符
E:\程序\CCA-Casio\C++\MTCSCCA\MTCSCCA\main.cpp(50,21): error C2039: "choices_2": 不是 "cjd" 的成员
E:\程序\CCA-Casio\C++\MTCSCCA\MTCSCCA\main.cpp(26,8): message : 参见“cjd”的声明
E:\程序\CCA-Casio\C++\MTCSCCA\MTCSCCA\main.cpp(50,53): error C2039: "choices_1": 不是 "cjd" 的成员
E:\程序\CCA-Casio\C++\MTCSCCA\MTCSCCA\main.cpp(26,8): message : 参见“cjd”的声明
E:\程序\CCA-Casio\C++\MTCSCCA\MTCSCCA\main.cpp(50,72): error C2039: "choice_num2": 不是 "cjd" 的成员
E:\程序\CCA-Casio\C++\MTCSCCA\MTCSCCA\main.cpp(26,8): message : 参见“cjd”的声明
E:\程序\CCA-Casio\C++\MTCSCCA\MTCSCCA\main.cpp(51,41): error C2039: "choice_num2": 不是 "cjd" 的成员
E:\程序\CCA-Casio\C++\MTCSCCA\MTCSCCA\main.cpp(26,8): message : 参见“cjd”的声明
E:\程序\CCA-Casio\C++\MTCSCCA\MTCSCCA\main.cpp(52,34): error C2039: "choices_2": 不是 "cjd" 的成员
E:\程序\CCA-Casio\C++\MTCSCCA\MTCSCCA\main.cpp(26,8): message : 参见“cjd”的声明
E:\程序\CCA-Casio\C++\MTCSCCA\MTCSCCA\main.cpp(52,65): error C2039: "choices_2": 不是 "cjd" 的成员
E:\程序\CCA-Casio\C++\MTCSCCA\MTCSCCA\main.cpp(26,8): message : 参见“cjd”的声明
E:\程序\CCA-Casio\C++\MTCSCCA\MTCSCCA\main.cpp(52,17): error C3861: “able”: 找不到标识符
E:\程序\CCA-Casio\C++\MTCSCCA\MTCSCCA\main.cpp(53,21): error C2039: "choices_1": 不是 "cjd" 的成员
E:\程序\CCA-Casio\C++\MTCSCCA\MTCSCCA\main.cpp(26,8): message : 参见“cjd”的声明
E:\程序\CCA-Casio\C++\MTCSCCA\MTCSCCA\main.cpp(53,53): error C2039: "choices_2": 不是 "cjd" 的成员
E:\程序\CCA-Casio\C++\MTCSCCA\MTCSCCA\main.cpp(26,8): message : 参见“cjd”的声明
E:\程序\CCA-Casio\C++\MTCSCCA\MTCSCCA\main.cpp(53,72): error C2039: "choice_num1": 不是 "cjd" 的成员
E:\程序\CCA-Casio\C++\MTCSCCA\MTCSCCA\main.cpp(26,8): message : 参见“cjd”的声明
E:\程序\CCA-Casio\C++\MTCSCCA\MTCSCCA\main.cpp(54,41): error C2039: "choice_num3": 不是 "cjd" 的成员
E:\程序\CCA-Casio\C++\MTCSCCA\MTCSCCA\main.cpp(26,8): message : 参见“cjd”的声明
E:\程序\CCA-Casio\C++\MTCSCCA\MTCSCCA\main.cpp(55,34): error C2039: "choices_3": 不是 "cjd" 的成员
E:\程序\CCA-Casio\C++\MTCSCCA\MTCSCCA\main.cpp(26,8): message : 参见“cjd”的声明
E:\程序\CCA-Casio\C++\MTCSCCA\MTCSCCA\main.cpp(55,65): error C2039: "choices_3": 不是 "cjd" 的成员
E:\程序\CCA-Casio\C++\MTCSCCA\MTCSCCA\main.cpp(26,8): message : 参见“cjd”的声明
E:\程序\CCA-Casio\C++\MTCSCCA\MTCSCCA\main.cpp(55,17): error C3861: “able”: 找不到标识符
E:\程序\CCA-Casio\C++\MTCSCCA\MTCSCCA\main.cpp(56,38): error C2039: "choices_3": 不是 "cjd" 的成员
E:\程序\CCA-Casio\C++\MTCSCCA\MTCSCCA\main.cpp(26,8): message : 参见“cjd”的声明
E:\程序\CCA-Casio\C++\MTCSCCA\MTCSCCA\main.cpp(56,69): error C2039: "choices_3": 不是 "cjd" 的成员
E:\程序\CCA-Casio\C++\MTCSCCA\MTCSCCA\main.cpp(26,8): message : 参见“cjd”的声明
E:\程序\CCA-Casio\C++\MTCSCCA\MTCSCCA\main.cpp(56,21): error C3861: “able”: 找不到标识符
E:\程序\CCA-Casio\C++\MTCSCCA\MTCSCCA\main.cpp(56,100): error C2039: "choices_3": 不是 "cjd" 的成员
E:\程序\CCA-Casio\C++\MTCSCCA\MTCSCCA\main.cpp(26,8): message : 参见“cjd”的声明
E:\程序\CCA-Casio\C++\MTCSCCA\MTCSCCA\main.cpp(56,132): error C2039: "choices_3": 不是 "cjd" 的成员
E:\程序\CCA-Casio\C++\MTCSCCA\MTCSCCA\main.cpp(26,8): message : 参见“cjd”的声明
E:\程序\CCA-Casio\C++\MTCSCCA\MTCSCCA\main.cpp(56,151): error C2039: "choice_num3": 不是 "cjd" 的成员
E:\程序\CCA-Casio\C++\MTCSCCA\MTCSCCA\main.cpp(26,8): message : 参见“cjd”的声明
E:\程序\CCA-Casio\C++\MTCSCCA\MTCSCCA\main.cpp(57,26): error C2039: "choices_1": 不是 "cjd" 的成员
E:\程序\CCA-Casio\C++\MTCSCCA\MTCSCCA\main.cpp(26,8): message : 参见“cjd”的声明
E:\程序\CCA-Casio\C++\MTCSCCA\MTCSCCA\main.cpp(57,58): error C2039: "choices_3": 不是 "cjd" 的成员
E:\程序\CCA-Casio\C++\MTCSCCA\MTCSCCA\main.cpp(26,8): message : 参见“cjd”的声明
E:\程序\CCA-Casio\C++\MTCSCCA\MTCSCCA\main.cpp(57,77): error C2039: "choice_num1": 不是 "cjd" 的成员
E:\程序\CCA-Casio\C++\MTCSCCA\MTCSCCA\main.cpp(26,8): message : 参见“cjd”的声明
E:\程序\CCA-Casio\C++\MTCSCCA\MTCSCCA\main.cpp(59,39): error C2039: "choices_3": 不是 "cjd" 的成员
E:\程序\CCA-Casio\C++\MTCSCCA\MTCSCCA\main.cpp(26,8): message : 参见“cjd”的声明
E:\程序\CCA-Casio\C++\MTCSCCA\MTCSCCA\main.cpp(59,70): error C2039: "choices_3": 不是 "cjd" 的成员
E:\程序\CCA-Casio\C++\MTCSCCA\MTCSCCA\main.cpp(26,8): message : 参见“cjd”的声明
E:\程序\CCA-Casio\C++\MTCSCCA\MTCSCCA\main.cpp(59,22): error C3861: “able”: 找不到标识符
E:\程序\CCA-Casio\C++\MTCSCCA\MTCSCCA\main.cpp(59,101): error C2039: "choices_2": 不是 "cjd" 的成员
E:\程序\CCA-Casio\C++\MTCSCCA\MTCSCCA\main.cpp(26,8): message : 参见“cjd”的声明
E:\程序\CCA-Casio\C++\MTCSCCA\MTCSCCA\main.cpp(59,133): error C2039: "choices_3": 不是 "cjd" 的成员
E:\程序\CCA-Casio\C++\MTCSCCA\MTCSCCA\main.cpp(26,8): message : 参见“cjd”的声明
E:\程序\CCA-Casio\C++\MTCSCCA\MTCSCCA\main.cpp(59,152): error C2039: "choice_num2": 不是 "cjd" 的成员
E:\程序\CCA-Casio\C++\MTCSCCA\MTCSCCA\main.cpp(26,8): message : 参见“cjd”的声明
E:\程序\CCA-Casio\C++\MTCSCCA\MTCSCCA\main.cpp(62,9): error C2039: "fa": 不是 "cjd" 的成员
E:\程序\CCA-Casio\C++\MTCSCCA\MTCSCCA\main.cpp(26,8): message : 参见“cjd”的声明
E:\程序\CCA-Casio\C++\MTCSCCA\MTCSCCA\main.cpp(63,9): error C2039: "sons_num": 不是 "cjd" 的成员
E:\程序\CCA-Casio\C++\MTCSCCA\MTCSCCA\main.cpp(26,8): message : 参见“cjd”的声明
E:\程序\CCA-Casio\C++\MTCSCCA\MTCSCCA\main.cpp(63,27): error C2039: "GZ": 不是 "cjd" 的成员
E:\程序\CCA-Casio\C++\MTCSCCA\MTCSCCA\main.cpp(26,8): message : 参见“cjd”的声明
E:\程序\CCA-Casio\C++\MTCSCCA\MTCSCCA\main.cpp(63,32): error C2065: “gz1”: 未声明的标识符
E:\程序\CCA-Casio\C++\MTCSCCA\MTCSCCA\main.cpp(64,9): error C2039: "UTB": 不是 "cjd" 的成员
E:\程序\CCA-Casio\C++\MTCSCCA\MTCSCCA\main.cpp(26,8): message : 参见“cjd”的声明
E:\程序\CCA-Casio\C++\MTCSCCA\MTCSCCA\main.cpp(64,22): error C2039: "w": 不是 "cjd" 的成员
E:\程序\CCA-Casio\C++\MTCSCCA\MTCSCCA\main.cpp(26,8): message : 参见“cjd”的声明
E:\程序\CCA-Casio\C++\MTCSCCA\MTCSCCA\main.cpp(64,30): error C2039: "n": 不是 "cjd" 的成员
E:\程序\CCA-Casio\C++\MTCSCCA\MTCSCCA\main.cpp(26,8): message : 参见“cjd”的声明
E:\程序\CCA-Casio\C++\MTCSCCA\MTCSCCA\main.cpp(65,38): error C2039: "bh": 不是 "cjd" 的成员
E:\程序\CCA-Casio\C++\MTCSCCA\MTCSCCA\main.cpp(26,8): message : 参见“cjd”的声明
E:\程序\CCA-Casio\C++\MTCSCCA\MTCSCCA\main.cpp(77,27): error C2065: “Root”: 未声明的标识符
E:\程序\CCA-Casio\C++\MTCSCCA\MTCSCCA\main.cpp(78,38): error C2039: "choice_num1": 不是 "cjd" 的成员
E:\程序\CCA-Casio\C++\MTCSCCA\MTCSCCA\main.cpp(26,8): message : 参见“cjd”的声明
E:\程序\CCA-Casio\C++\MTCSCCA\MTCSCCA\main.cpp(78,62): error C2039: "choice_num2": 不是 "cjd" 的成员
E:\程序\CCA-Casio\C++\MTCSCCA\MTCSCCA\main.cpp(26,8): message : 参见“cjd”的声明
E:\程序\CCA-Casio\C++\MTCSCCA\MTCSCCA\main.cpp(78,87): error C2039: "GZ": 不是 "cjd" 的成员
E:\程序\CCA-Casio\C++\MTCSCCA\MTCSCCA\main.cpp(26,8): message : 参见“cjd”的声明
E:\程序\CCA-Casio\C++\MTCSCCA\MTCSCCA\main.cpp(78,102): error C2039: "fh": 不是 "cjd" 的成员
E:\程序\CCA-Casio\C++\MTCSCCA\MTCSCCA\main.cpp(26,8): message : 参见“cjd”的声明
E:\程序\CCA-Casio\C++\MTCSCCA\MTCSCCA\main.cpp(79,26): error C2039: "fa": 不是 "cjd" 的成员
E:\程序\CCA-Casio\C++\MTCSCCA\MTCSCCA\main.cpp(26,8): message : 参见“cjd”的声明
E:\程序\CCA-Casio\C++\MTCSCCA\MTCSCCA\main.cpp(80,23): error C2039: "n": 不是 "cjd" 的成员
E:\程序\CCA-Casio\C++\MTCSCCA\MTCSCCA\main.cpp(26,8): message : 参见“cjd”的声明
E:\程序\CCA-Casio\C++\MTCSCCA\MTCSCCA\main.cpp(80,38): error C2039: "w": 不是 "cjd" 的成员
E:\程序\CCA-Casio\C++\MTCSCCA\MTCSCCA\main.cpp(26,8): message : 参见“cjd”的声明
E:\程序\CCA-Casio\C++\MTCSCCA\MTCSCCA\main.cpp(82,13): error C2065: “a”: 未声明的标识符
E:\程序\CCA-Casio\C++\MTCSCCA\MTCSCCA\main.cpp(82,25): error C2039: "x": 不是 "cjd" 的成员
E:\程序\CCA-Casio\C++\MTCSCCA\MTCSCCA\main.cpp(26,8): message : 参见“cjd”的声明
E:\程序\CCA-Casio\C++\MTCSCCA\MTCSCCA\main.cpp(82,38): error C2039: "y": 不是 "cjd" 的成员
E:\程序\CCA-Casio\C++\MTCSCCA\MTCSCCA\main.cpp(26,8): message : 参见“cjd”的声明
E:\程序\CCA-Casio\C++\MTCSCCA\MTCSCCA\main.cpp(82,46): error C2065: “gz1”: 未声明的标识符
E:\程序\CCA-Casio\C++\MTCSCCA\MTCSCCA\main.cpp(82,66): error C2039: "fa": 不是 "cjd" 的成员
E:\程序\CCA-Casio\C++\MTCSCCA\MTCSCCA\main.cpp(26,8): message : 参见“cjd”的声明
E:\程序\CCA-Casio\C++\MTCSCCA\MTCSCCA\main.cpp(83,30): error C2039: "fa": 不是 "cjd" 的成员
E:\程序\CCA-Casio\C++\MTCSCCA\MTCSCCA\main.cpp(26,8): message : 参见“cjd”的声明
E:\程序\CCA-Casio\C++\MTCSCCA\MTCSCCA\main.cpp(87,84): error C2065: “bs”: 未声明的标识符
E:\程序\CCA-Casio\C++\MTCSCCA\MTCSCCA\main.cpp(91,25): error C2065: “Root”: 未声明的标识符
E:\程序\CCA-Casio\C++\MTCSCCA\MTCSCCA\main.cpp(92,17): error C2065: “Root”: 未声明的标识符
E:\程序\CCA-Casio\C++\MTCSCCA\MTCSCCA\main.cpp(93,28): error C2065: “Root”: 未声明的标识符
E:\程序\CCA-Casio\C++\MTCSCCA\MTCSCCA\main.cpp(93,56): error C2065: “Root”: 未声明的标识符
E:\程序\CCA-Casio\C++\MTCSCCA\MTCSCCA\main.cpp(95,28): error C2065: “Root”: 未声明的标识符
E:\程序\CCA-Casio\C++\MTCSCCA\MTCSCCA\main.cpp(95,56): error C2065: “Root”: 未声明的标识符
E:\程序\CCA-Casio\C++\MTCSCCA\MTCSCCA\main.cpp(97,34): error C2065: “Root”: 未声明的标识符
E:\程序\CCA-Casio\C++\MTCSCCA\MTCSCCA\main.cpp(97,62): error C2065: “Root”: 未声明的标识符
E:\程序\CCA-Casio\C++\MTCSCCA\MTCSCCA\main.cpp(103,23): error C2065: “Root”: 未声明的标识符
E:\程序\CCA-Casio\C++\MTCSCCA\MTCSCCA\main.cpp(103,56): error C2065: “Root”: 未声明的标识符
E:\程序\CCA-Casio\C++\MTCSCCA\MTCSCCA\main.cpp(103,17): error C2440: “初始化”: 无法从“initializer list”转换为“dian”
E:\程序\CCA-Casio\C++\MTCSCCA\MTCSCCA\main.cpp(103,17): message : 无构造函数可以接受源类型，或构造函数重载决策不明确
E:\程序\CCA-Casio\C++\MTCSCCA\MTCSCCA\main.cpp(109,9): error C2065: “MODE”: 未声明的标识符
E:\程序\CCA-Casio\C++\MTCSCCA\MTCSCCA\main.cpp(110,5): error C3861: “cd”: 找不到标识符
E:\程序\CCA-Casio\C++\MTCSCCA\MTCSCCA\main.cpp(111,5): error C2065: “bs”: 未声明的标识符
E:\程序\CCA-Casio\C++\MTCSCCA\MTCSCCA\main.cpp(112,12): error C2065: “bs”: 未声明的标识符
E:\程序\CCA-Casio\C++\MTCSCCA\MTCSCCA\main.cpp(112,20): error C2065: “bs”: 未声明的标识符
E:\程序\CCA-Casio\C++\MTCSCCA\MTCSCCA\main.cpp(113,5): error C2065: “noww”: 未声明的标识符
E:\程序\CCA-Casio\C++\MTCSCCA\MTCSCCA\main.cpp(113,12): error C2065: “bs”: 未声明的标识符
E:\程序\CCA-Casio\C++\MTCSCCA\MTCSCCA\main.cpp(114,9): error C2065: “player”: 未声明的标识符
E:\程序\CCA-Casio\C++\MTCSCCA\MTCSCCA\main.cpp(114,16): error C2065: “noww”: 未声明的标识符
E:\程序\CCA-Casio\C++\MTCSCCA\MTCSCCA\main.cpp(115,9): error C2065: “usv”: 未声明的标识符
E:\程序\CCA-Casio\C++\MTCSCCA\MTCSCCA\main.cpp(115,19): error C2065: “noww”: 未声明的标识符
E:\程序\CCA-Casio\C++\MTCSCCA\MTCSCCA\main.cpp(115,15): error C3861: “lun”: 找不到标识符
E:\程序\CCA-Casio\C++\MTCSCCA\MTCSCCA\main.cpp(117,13): error C2065: “AI_LX”: 未声明的标识符
E:\程序\CCA-Casio\C++\MTCSCCA\MTCSCCA\main.cpp(117,19): error C2065: “noww”: 未声明的标识符
E:\程序\CCA-Casio\C++\MTCSCCA\MTCSCCA\main.cpp(117): fatal  error C1003: 错误计数超过 100；正在停止编译
  正在生成代码...
